TN:
SF:src/computed.ts
FN:9,computed
FN:18,(anonymous_1)
FN:24,(anonymous_2)
FN:33,(anonymous_3)
FN:42,(anonymous_4)
FNF:5
FNH:4
FNDA:4,computed
FNDA:4,(anonymous_1)
FNDA:2,(anonymous_2)
FNDA:8,(anonymous_3)
FNDA:0,(anonymous_4)
DA:1,1
DA:9,1
DA:10,4
DA:19,4
DA:20,4
DA:22,4
DA:25,2
DA:26,2
DA:27,2
DA:34,8
DA:35,6
DA:36,6
DA:38,8
DA:39,8
LF:14
LH:14
BRDA:25,0,0,2
BRDA:34,1,0,6
BRF:2
BRH:2
end_of_record
TN:
SF:src/effect.ts
FN:22,track
FN:37,trigger
FN:47,(anonymous_2)
FN:54,effect
FN:63,createReactiveEffect
FN:67,(anonymous_5)
FNF:6
FNH:6
FNDA:76,track
FNDA:19,trigger
FNDA:9,(anonymous_2)
FNDA:12,effect
FNDA:12,createReactiveEffect
FNDA:21,(anonymous_5)
DA:6,5
DA:19,5
DA:22,5
DA:23,76
DA:24,22
DA:25,22
DA:26,9
DA:28,22
DA:29,22
DA:30,11
DA:32,22
DA:33,11
DA:37,5
DA:43,19
DA:44,19
DA:45,11
DA:46,11
DA:47,9
DA:48,9
DA:54,5
DA:58,12
DA:59,12
DA:60,12
DA:67,12
DA:68,21
DA:69,21
DA:70,21
DA:71,21
DA:72,21
DA:74,21
DA:75,21
DA:79,12
DA:80,12
DA:81,12
DA:82,12
LF:35
LH:35
BRDA:23,0,0,54
BRDA:25,1,0,9
BRDA:29,2,0,11
BRDA:32,3,0,11
BRDA:44,4,0,8
BRDA:46,5,0,2
BRDA:48,6,0,6
BRDA:48,6,1,3
BRDA:56,7,0,4
BRDA:59,8,0,4
BRDA:65,9,0,0
BRDA:68,10,0,21
BRF:12
BRH:11
end_of_record
TN:
SF:src/reactive.ts
FN:18,reactive
FN:26,createReactiveObject
FN:31,(anonymous_2)
FN:42,(anonymous_3)
FN:53,isReactive
FNF:5
FNH:5
FNDA:13,reactive
FNDA:11,createReactiveObject
FNDA:59,(anonymous_2)
FNDA:11,(anonymous_3)
FNDA:7,isReactive
DA:1,5
DA:13,5
DA:18,5
DA:19,13
DA:20,12
DA:21,11
DA:22,11
DA:23,11
DA:30,11
DA:32,59
DA:33,3
DA:34,56
DA:35,2
DA:37,54
DA:38,54
DA:39,54
DA:43,11
DA:44,11
DA:45,11
DA:46,11
DA:49,11
DA:53,5
DA:54,7
LF:23
LH:23
BRDA:19,0,0,1
BRDA:19,1,0,13
BRDA:19,1,1,13
BRDA:20,2,0,1
BRDA:32,3,0,3
BRDA:32,3,1,56
BRDA:34,4,0,2
BRDA:54,5,0,7
BRDA:54,5,1,7
BRF:9
BRH:9
end_of_record
TN:
SF:src/ref.ts
FN:10,ref
FN:15,(anonymous_1)
FN:18,(anonymous_2)
FN:24,(anonymous_3)
FN:28,(anonymous_4)
FN:33,(anonymous_5)
FN:42,isRef
FN:46,createRef
FNF:8
FNH:8
FNDA:8,ref
FNDA:7,(anonymous_1)
FNDA:7,(anonymous_2)
FNDA:7,(anonymous_3)
FNDA:14,(anonymous_4)
FNDA:6,(anonymous_5)
FNDA:13,isRef
FNDA:7,createRef
DA:1,4
DA:2,4
DA:10,4
DA:11,8
DA:12,7
DA:15,4
DA:16,7
DA:18,7
DA:22,7
DA:25,7
DA:29,14
DA:30,14
DA:34,6
DA:35,6
DA:36,6
DA:37,6
DA:42,4
DA:43,13
DA:47,7
LF:19
LH:19
BRDA:11,0,0,1
BRDA:16,1,0,7
BRDA:16,1,1,1
BRDA:18,2,0,1
BRDA:18,2,1,6
BRDA:34,3,0,0
BRDA:43,4,0,13
BRDA:43,4,1,13
BRF:8
BRH:7
end_of_record
TN:
SF:src/watch.ts
FN:6,watch
FN:17,(anonymous_1)
FN:19,(anonymous_2)
FN:26,(anonymous_3)
FN:41,traverse
FNF:5
FNH:5
FNDA:5,watch
FNDA:3,(anonymous_1)
FNDA:2,(anonymous_2)
FNDA:4,(anonymous_3)
FNDA:9,traverse
DA:1,1
DA:2,1
DA:3,1
DA:6,1
DA:10,5
DA:13,2
DA:16,3
DA:17,3
DA:18,2
DA:19,2
DA:21,1
DA:26,3
DA:27,4
DA:28,4
DA:29,4
DA:32,3
DA:37,3
DA:42,9
DA:43,3
DA:44,6
DA:47,3
LF:21
LH:21
BRDA:10,0,0,2
BRDA:10,1,0,5
BRDA:10,1,1,4
BRDA:10,1,2,3
BRDA:16,2,0,1
BRDA:16,2,1,2
BRDA:18,3,0,1
BRDA:18,3,1,1
BRDA:28,4,0,4
BRDA:42,5,0,6
BRF:10
BRH:10
end_of_record
